[INFO] Scanning for projects...
[INFO] 
[INFO] ---------------------< com.learningplatform:auth >----------------------
[INFO] Building auth 0.0.1-SNAPSHOT
[INFO]   from pom.xml
[INFO] --------------------------------[ jar ]---------------------------------
[INFO] 
[INFO] --- jacoco:0.8.11:prepare-agent (default) @ auth ---
[INFO] argLine set to -javaagent:/home/pridesys/.m2/repository/org/jacoco/org.jacoco.agent/0.8.11/org.jacoco.agent-0.8.11-runtime.jar=destfile=/home/pridesys/projects/408_backend/educonnect-auth-service/auth/target/jacoco.exec
[INFO] 
[INFO] --- resources:3.3.1:resources (default-resources) @ auth ---
[INFO] Copying 4 resources from src/main/resources to target/classes
[INFO] Copying 0 resource from src/main/resources to target/classes
[INFO] 
[INFO] --- compiler:3.14.0:compile (default-compile) @ auth ---
[INFO] Nothing to compile - all classes are up to date.
[INFO] 
[INFO] >>> spring-boot:3.5.3:run (default-cli) > test-compile @ auth >>>
[INFO] 
[INFO] --- jacoco:0.8.11:prepare-agent (default) @ auth ---
[INFO] argLine set to -javaagent:/home/pridesys/.m2/repository/org/jacoco/org.jacoco.agent/0.8.11/org.jacoco.agent-0.8.11-runtime.jar=destfile=/home/pridesys/projects/408_backend/educonnect-auth-service/auth/target/jacoco.exec
[INFO] 
[INFO] --- resources:3.3.1:resources (default-resources) @ auth ---
[INFO] Copying 4 resources from src/main/resources to target/classes
[INFO] Copying 0 resource from src/main/resources to target/classes
[INFO] 
[INFO] --- compiler:3.14.0:compile (default-compile) @ auth ---
[INFO] Nothing to compile - all classes are up to date.
[INFO] 
[INFO] --- resources:3.3.1:testResources (default-testResources) @ auth ---
[INFO] skip non existing resourceDirectory /home/pridesys/projects/408_backend/educonnect-auth-service/auth/src/test/resources
[INFO] 
[INFO] --- compiler:3.14.0:testCompile (default-testCompile) @ auth ---
[INFO] Recompiling the module because of changed source code.
[INFO] Compiling 9 source files with javac [debug parameters release 17] to target/test-classes
[INFO] -------------------------------------------------------------
[ERROR] COMPILATION ERROR : 
[INFO] -------------------------------------------------------------
[ERROR] /home/pridesys/projects/408_backend/educonnect-auth-service/auth/src/test/java/com/learningplatform/auth/security/CustomUserPrincipalTest.java:[64,60] method create in class com.learningplatform.auth.security.CustomUserPrincipal cannot be applied to given types;
  required: com.learningplatform.auth.entity.User
  found:    com.learningplatform.auth.entity.User,java.util.Map<java.lang.String,java.lang.Object>
  reason: actual and formal argument lists differ in length
[ERROR] /home/pridesys/projects/408_backend/educonnect-auth-service/auth/src/test/java/com/learningplatform/auth/security/CustomUserPrincipalTest.java:[69,43] cannot find symbol
  symbol:   method getAttributes()
  location: variable principal of type com.learningplatform.auth.security.CustomUserPrincipal
[ERROR] /home/pridesys/projects/408_backend/educonnect-auth-service/auth/src/test/java/com/learningplatform/auth/security/CustomUserPrincipalTest.java:[163,18] cannot find symbol
  symbol:   method setAttributes(java.util.Map<java.lang.String,java.lang.Object>)
  location: variable principal of type com.learningplatform.auth.security.CustomUserPrincipal
[ERROR] /home/pridesys/projects/408_backend/educonnect-auth-service/auth/src/test/java/com/learningplatform/auth/security/CustomUserPrincipalTest.java:[165,43] cannot find symbol
  symbol:   method getAttributes()
  location: variable principal of type com.learningplatform.auth.security.CustomUserPrincipal
[ERROR] /home/pridesys/projects/408_backend/educonnect-auth-service/auth/src/test/java/com/learningplatform/auth/security/CustomUserPrincipalTest.java:[172,29] cannot find symbol
  symbol:   method getAttributes()
  location: variable principal of type com.learningplatform.auth.security.CustomUserPrincipal
[INFO] 5 errors 
[INFO] -------------------------------------------------------------
[INFO] ------------------------------------------------------------------------
[INFO] BUILD FAILURE
[INFO] ------------------------------------------------------------------------
[INFO] Total time:  5.192 s
[INFO] Finished at: 2025-07-22T12:42:36+06:00
[INFO] ------------------------------------------------------------------------
[ERROR] Failed to execute goal org.apache.maven.plugins:maven-compiler-plugin:3.14.0:testCompile (default-testCompile) on project auth: Compilation failure: Compilation failure: 
[ERROR] /home/pridesys/projects/408_backend/educonnect-auth-service/auth/src/test/java/com/learningplatform/auth/security/CustomUserPrincipalTest.java:[64,60] method create in class com.learningplatform.auth.security.CustomUserPrincipal cannot be applied to given types;
[ERROR]   required: com.learningplatform.auth.entity.User
[ERROR]   found:    com.learningplatform.auth.entity.User,java.util.Map<java.lang.String,java.lang.Object>
[ERROR]   reason: actual and formal argument lists differ in length
[ERROR] /home/pridesys/projects/408_backend/educonnect-auth-service/auth/src/test/java/com/learningplatform/auth/security/CustomUserPrincipalTest.java:[69,43] cannot find symbol
[ERROR]   symbol:   method getAttributes()
[ERROR]   location: variable principal of type com.learningplatform.auth.security.CustomUserPrincipal
[ERROR] /home/pridesys/projects/408_backend/educonnect-auth-service/auth/src/test/java/com/learningplatform/auth/security/CustomUserPrincipalTest.java:[163,18] cannot find symbol
[ERROR]   symbol:   method setAttributes(java.util.Map<java.lang.String,java.lang.Object>)
[ERROR]   location: variable principal of type com.learningplatform.auth.security.CustomUserPrincipal
[ERROR] /home/pridesys/projects/408_backend/educonnect-auth-service/auth/src/test/java/com/learningplatform/auth/security/CustomUserPrincipalTest.java:[165,43] cannot find symbol
[ERROR]   symbol:   method getAttributes()
[ERROR]   location: variable principal of type com.learningplatform.auth.security.CustomUserPrincipal
[ERROR] /home/pridesys/projects/408_backend/educonnect-auth-service/auth/src/test/java/com/learningplatform/auth/security/CustomUserPrincipalTest.java:[172,29] cannot find symbol
[ERROR]   symbol:   method getAttributes()
[ERROR]   location: variable principal of type com.learningplatform.auth.security.CustomUserPrincipal
[ERROR] -> [Help 1]
[ERROR] 
[ERROR] To see the full stack trace of the errors, re-run Maven with the -e switch.
[ERROR] Re-run Maven using the -X switch to enable full debug logging.
[ERROR] 
[ERROR] For more information about the errors and possible solutions, please read the following articles:
[ERROR] [Help 1] http://cwiki.apache.org/confluence/display/MAVEN/MojoFailureException
