# JRE version: OpenJDK Runtime Environment Temurin-21.0.7+6 (21.0.7+6) (build 21.0.7+6-LTS)
# Java VM: OpenJDK 64-Bit Server VM Temurin-21.0.7+6 (21.0.7+6-LTS, mixed mode, sharing, tiered, compressed oops, compressed class ptrs, parallel gc, windows-amd64)
GC Precious Log:
 CardTable entry size: 512
 CPUs: 16 total, 16 available
 Memory: 7599M
 Large Page Support: Disabled
 NUMA Support: Disabled
 Compressed Oops: Enabled (32-bit)
 Alignments: Space 512K, Generation 512K, Heap 2M
 Heap Min Capacity: 100M
 Heap Initial Capacity: 100M
 Heap Max Capacity: 2G
 Pre-touch: Disabled
 Parallel Workers: 13
Heap:
 PSYoungGen      total 2560K, used 1550K [0x00000000d5580000, 0x00000000d5900000, 0x0000000100000000)
  eden space 1536K, 66% used [0x00000000d5580000,0x00000000d567df40,0x00000000d5700000)
  from space 1024K, 52% used [0x00000000d5700000,0x00000000d5785ab8,0x00000000d5800000)
  to   space 1024K, 0% used [0x00000000d5800000,0x00000000d5800000,0x00000000d5900000)
 ParOldGen       total 1303040K, used 1302907K [0x0000000080000000, 0x00000000cf880000, 0x00000000d5580000)
  object space 1303040K, 99% used [0x0000000080000000,0x00000000cf85ee30,0x00000000cf880000)
 Metaspace       used 78631K, committed 80384K, reserved 1179648K
  class space    used 7761K, committed 8576K, reserved 1048576K
GC Heap History (20 events):
Event: 800.965 GC heap before
{Heap before GC invocations=2378 (full 7):
 PSYoungGen      total 2048K, used 1456K [0x00000000d5580000, 0x00000000d5800000, 0x0000000100000000)
  eden space 1024K, 100% used [0x00000000d5580000,0x00000000d5680000,0x00000000d5680000)
  from space 1024K, 42% used [0x00000000d5680000,0x00000000d56ec010,0x00000000d5780000)
  to   space 512K, 0% used [0x00000000d5780000,0x00000000d5780000,0x00000000d5800000)
 ParOldGen       total 1299456K, used 1299441K [0x0000000080000000, 0x00000000cf500000, 0x00000000d5580000)
  object space 1299456K, 99% used [0x0000000080000000,0x00000000cf4fc578,0x00000000cf500000)
 Metaspace       used 78616K, committed 80384K, reserved 1179648K
  class space    used 7761K, committed 8576K, reserved 1048576K
}
Event: 800.970 GC heap after
{Heap after GC invocations=2378 (full 7):
 PSYoungGen      total 2048K, used 480K [0x00000000d5580000, 0x00000000d5800000, 0x0000000100000000)
  eden space 1536K, 0% used [0x00000000d5580000,0x00000000d5580000,0x00000000d5700000)
  from space 512K, 93% used [0x00000000d5780000,0x00000000d57f8000,0x00000000d5800000)
  to   space 512K, 0% used [0x00000000d5700000,0x00000000d5700000,0x00000000d5780000)
 ParOldGen       total 1299968K, used 1299697K [0x0000000080000000, 0x00000000cf580000, 0x00000000d5580000)
  object space 1299968K, 99% used [0x0000000080000000,0x00000000cf53c598,0x00000000cf580000)
 Metaspace       used 78616K, committed 80384K, reserved 1179648K
  class space    used 7761K, committed 8576K, reserved 1048576K
}
Event: 801.015 GC heap before
{Heap before GC invocations=2379 (full 7):
 PSYoungGen      total 2048K, used 2016K [0x00000000d5580000, 0x00000000d5800000, 0x0000000100000000)
  eden space 1536K, 100% used [0x00000000d5580000,0x00000000d5700000,0x00000000d5700000)
  from space 512K, 93% used [0x00000000d5780000,0x00000000d57f8000,0x00000000d5800000)
  to   space 512K, 0% used [0x00000000d5700000,0x00000000d5700000,0x00000000d5780000)
 ParOldGen       total 1299968K, used 1299697K [0x0000000080000000, 0x00000000cf580000, 0x00000000d5580000)
  object space 1299968K, 99% used [0x0000000080000000,0x00000000cf53c598,0x00000000cf580000)
 Metaspace       used 78616K, committed 80384K, reserved 1179648K
  class space    used 7761K, committed 8576K, reserved 1048576K
}
Event: 801.019 GC heap after
{Heap after GC invocations=2379 (full 7):
 PSYoungGen      total 2048K, used 512K [0x00000000d5580000, 0x00000000d5900000, 0x0000000100000000)
  eden space 1536K, 0% used [0x00000000d5580000,0x00000000d5580000,0x00000000d5700000)
  from space 512K, 100% used [0x00000000d5700000,0x00000000d5780000,0x00000000d5780000)
  to   space 1024K, 0% used [0x00000000d5800000,0x00000000d5800000,0x00000000d5900000)
 ParOldGen       total 1300480K, used 1299981K [0x0000000080000000, 0x00000000cf600000, 0x00000000d5580000)
  object space 1300480K, 99% used [0x0000000080000000,0x00000000cf5835a8,0x00000000cf600000)
 Metaspace       used 78616K, committed 80384K, reserved 1179648K
  class space    used 7761K, committed 8576K, reserved 1048576K
}
Event: 801.098 GC heap before
{Heap before GC invocations=2380 (full 7):
 PSYoungGen      total 2048K, used 2048K [0x00000000d5580000, 0x00000000d5900000, 0x0000000100000000)
  eden space 1536K, 100% used [0x00000000d5580000,0x00000000d5700000,0x00000000d5700000)
  from space 512K, 100% used [0x00000000d5700000,0x00000000d5780000,0x00000000d5780000)
  to   space 1024K, 0% used [0x00000000d5800000,0x00000000d5800000,0x00000000d5900000)
 ParOldGen       total 1300480K, used 1299981K [0x0000000080000000, 0x00000000cf600000, 0x00000000d5580000)
  object space 1300480K, 99% used [0x0000000080000000,0x00000000cf5835a8,0x00000000cf600000)
 Metaspace       used 78616K, committed 80384K, reserved 1179648K
  class space    used 7761K, committed 8576K, reserved 1048576K
}
Event: 801.103 GC heap after
{Heap after GC invocations=2380 (full 7):
 PSYoungGen      total 2560K, used 672K [0x00000000d5580000, 0x00000000d5900000, 0x0000000100000000)
  eden space 1536K, 0% used [0x00000000d5580000,0x00000000d5580000,0x00000000d5700000)
  from space 1024K, 65% used [0x00000000d5800000,0x00000000d58a8000,0x00000000d5900000)
  to   space 1024K, 0% used [0x00000000d5700000,0x00000000d5700000,0x00000000d5800000)
 ParOldGen       total 1300480K, used 1300422K [0x0000000080000000, 0x00000000cf600000, 0x00000000d5580000)
  object space 1300480K, 99% used [0x0000000080000000,0x00000000cf5f19a8,0x00000000cf600000)
 Metaspace       used 78616K, committed 80384K, reserved 1179648K
  class space    used 7761K, committed 8576K, reserved 1048576K
}
Event: 801.156 GC heap before
{Heap before GC invocations=2381 (full 7):
 PSYoungGen      total 2560K, used 2208K [0x00000000d5580000, 0x00000000d5900000, 0x0000000100000000)
  eden space 1536K, 100% used [0x00000000d5580000,0x00000000d5700000,0x00000000d5700000)
  from space 1024K, 65% used [0x00000000d5800000,0x00000000d58a8000,0x00000000d5900000)
  to   space 1024K, 0% used [0x00000000d5700000,0x00000000d5700000,0x00000000d5800000)
 ParOldGen       total 1300480K, used 1300422K [0x0000000080000000, 0x00000000cf600000, 0x00000000d5580000)
  object space 1300480K, 99% used [0x0000000080000000,0x00000000cf5f19a8,0x00000000cf600000)
 Metaspace       used 78618K, committed 80384K, reserved 1179648K
  class space    used 7761K, committed 8576K, reserved 1048576K
}
Event: 801.161 GC heap after
{Heap after GC invocations=2381 (full 7):
 PSYoungGen      total 2560K, used 544K [0x00000000d5580000, 0x00000000d5900000, 0x0000000100000000)
  eden space 1536K, 0% used [0x00000000d5580000,0x00000000d5580000,0x00000000d5700000)
  from space 1024K, 53% used [0x00000000d5700000,0x00000000d5788000,0x00000000d5800000)
  to   space 1024K, 0% used [0x00000000d5800000,0x00000000d5800000,0x00000000d5900000)
 ParOldGen       total 1300992K, used 1300884K [0x0000000080000000, 0x00000000cf680000, 0x00000000d5580000)
  object space 1300992K, 99% used [0x0000000080000000,0x00000000cf665138,0x00000000cf680000)
 Metaspace       used 78618K, committed 80384K, reserved 1179648K
  class space    used 7761K, committed 8576K, reserved 1048576K
}
Event: 801.212 GC heap before
{Heap before GC invocations=2382 (full 7):
 PSYoungGen      total 2560K, used 2080K [0x00000000d5580000, 0x00000000d5900000, 0x0000000100000000)
  eden space 1536K, 100% used [0x00000000d5580000,0x00000000d5700000,0x00000000d5700000)
  from space 1024K, 53% used [0x00000000d5700000,0x00000000d5788000,0x00000000d5800000)
  to   space 1024K, 0% used [0x00000000d5800000,0x00000000d5800000,0x00000000d5900000)
 ParOldGen       total 1300992K, used 1300884K [0x0000000080000000, 0x00000000cf680000, 0x00000000d5580000)
  object space 1300992K, 99% used [0x0000000080000000,0x00000000cf665138,0x00000000cf680000)
 Metaspace       used 78618K, committed 80384K, reserved 1179648K
  class space    used 7761K, committed 8576K, reserved 1048576K
}
Event: 801.215 GC heap after
{Heap after GC invocations=2382 (full 7):
 PSYoungGen      total 2560K, used 480K [0x00000000d5580000, 0x00000000d5900000, 0x0000000100000000)
  eden space 1536K, 0% used [0x00000000d5580000,0x00000000d5580000,0x00000000d5700000)
  from space 1024K, 46% used [0x00000000d5800000,0x00000000d5878000,0x00000000d5900000)
  to   space 1024K, 0% used [0x00000000d5700000,0x00000000d5700000,0x00000000d5800000)
 ParOldGen       total 1301504K, used 1301188K [0x0000000080000000, 0x00000000cf700000, 0x00000000d5580000)
  object space 1301504K, 99% used [0x0000000080000000,0x00000000cf6b1138,0x00000000cf700000)
 Metaspace       used 78618K, committed 80384K, reserved 1179648K
  class space    used 7761K, committed 8576K, reserved 1048576K
}
Event: 801.229 GC heap before
{Heap before GC invocations=2383 (full 7):
 PSYoungGen      total 2560K, used 2016K [0x00000000d5580000, 0x00000000d5900000, 0x0000000100000000)
  eden space 1536K, 100% used [0x00000000d5580000,0x00000000d5700000,0x00000000d5700000)
  from space 1024K, 46% used [0x00000000d5800000,0x00000000d5878000,0x00000000d5900000)
  to   space 1024K, 0% used [0x00000000d5700000,0x00000000d5700000,0x00000000d5800000)
 ParOldGen       total 1301504K, used 1301188K [0x0000000080000000, 0x00000000cf700000, 0x00000000d5580000)
  object space 1301504K, 99% used [0x0000000080000000,0x00000000cf6b1138,0x00000000cf700000)
 Metaspace       used 78618K, committed 80384K, reserved 1179648K
  class space    used 7761K, committed 8576K, reserved 1048576K
}
Event: 801.233 GC heap after
{Heap after GC invocations=2383 (full 7):
 PSYoungGen      total 2560K, used 640K [0x00000000d5580000, 0x00000000d5900000, 0x0000000100000000)
  eden space 1536K, 0% used [0x00000000d5580000,0x00000000d5580000,0x00000000d5700000)
  from space 1024K, 62% used [0x00000000d5700000,0x00000000d57a0000,0x00000000d5800000)
  to   space 1024K, 0% used [0x00000000d5800000,0x00000000d5800000,0x00000000d5900000)
 ParOldGen       total 1302016K, used 1301556K [0x0000000080000000, 0x00000000cf780000, 0x00000000d5580000)
  object space 1302016K, 99% used [0x0000000080000000,0x00000000cf70d138,0x00000000cf780000)
 Metaspace       used 78618K, committed 80384K, reserved 1179648K
  class space    used 7761K, committed 8576K, reserved 1048576K
}
Event: 801.252 GC heap before
{Heap before GC invocations=2384 (full 7):
 PSYoungGen      total 2560K, used 2176K [0x00000000d5580000, 0x00000000d5900000, 0x0000000100000000)
  eden space 1536K, 100% used [0x00000000d5580000,0x00000000d5700000,0x00000000d5700000)
  from space 1024K, 62% used [0x00000000d5700000,0x00000000d57a0000,0x00000000d5800000)
  to   space 1024K, 0% used [0x00000000d5800000,0x00000000d5800000,0x00000000d5900000)
 ParOldGen       total 1302016K, used 1301556K [0x0000000080000000, 0x00000000cf780000, 0x00000000d5580000)
  object space 1302016K, 99% used [0x0000000080000000,0x00000000cf70d138,0x00000000cf780000)
 Metaspace       used 78619K, committed 80384K, reserved 1179648K
  class space    used 7761K, committed 8576K, reserved 1048576K
}
Event: 801.256 GC heap after
{Heap after GC invocations=2384 (full 7):
 PSYoungGen      total 2560K, used 448K [0x00000000d5580000, 0x00000000d5900000, 0x0000000100000000)
  eden space 1536K, 0% used [0x00000000d5580000,0x00000000d5580000,0x00000000d5700000)
  from space 1024K, 43% used [0x00000000d5800000,0x00000000d5870000,0x00000000d5900000)
  to   space 1024K, 0% used [0x00000000d5700000,0x00000000d5700000,0x00000000d5800000)
 ParOldGen       total 1302016K, used 1302004K [0x0000000080000000, 0x00000000cf780000, 0x00000000d5580000)
  object space 1302016K, 99% used [0x0000000080000000,0x00000000cf77d158,0x00000000cf780000)
 Metaspace       used 78619K, committed 80384K, reserved 1179648K
  class space    used 7761K, committed 8576K, reserved 1048576K
}
Event: 801.287 GC heap before
{Heap before GC invocations=2385 (full 7):
 PSYoungGen      total 2560K, used 1984K [0x00000000d5580000, 0x00000000d5900000, 0x0000000100000000)
  eden space 1536K, 100% used [0x00000000d5580000,0x00000000d5700000,0x00000000d5700000)
  from space 1024K, 43% used [0x00000000d5800000,0x00000000d5870000,0x00000000d5900000)
  to   space 1024K, 0% used [0x00000000d5700000,0x00000000d5700000,0x00000000d5800000)
 ParOldGen       total 1302016K, used 1302004K [0x0000000080000000, 0x00000000cf780000, 0x00000000d5580000)
  object space 1302016K, 99% used [0x0000000080000000,0x00000000cf77d158,0x00000000cf780000)
 Metaspace       used 78619K, committed 80384K, reserved 1179648K
  class space    used 7761K, committed 8576K, reserved 1048576K
}
Event: 801.293 GC heap after
{Heap after GC invocations=2385 (full 7):
 PSYoungGen      total 2560K, used 603K [0x00000000d5580000, 0x00000000d5900000, 0x0000000100000000)
  eden space 1536K, 0% used [0x00000000d5580000,0x00000000d5580000,0x00000000d5700000)
  from space 1024K, 58% used [0x00000000d5700000,0x00000000d5796fb8,0x00000000d5800000)
  to   space 1024K, 0% used [0x00000000d5800000,0x00000000d5800000,0x00000000d5900000)
 ParOldGen       total 1302528K, used 1302284K [0x0000000080000000, 0x00000000cf800000, 0x00000000d5580000)
  object space 1302528K, 99% used [0x0000000080000000,0x00000000cf7c3158,0x00000000cf800000)
 Metaspace       used 78619K, committed 80384K, reserved 1179648K
  class space    used 7761K, committed 8576K, reserved 1048576K
}
Event: 801.438 GC heap before
{Heap before GC invocations=2386 (full 7):
 PSYoungGen      total 2560K, used 2139K [0x00000000d5580000, 0x00000000d5900000, 0x0000000100000000)
  eden space 1536K, 100% used [0x00000000d5580000,0x00000000d5700000,0x00000000d5700000)
  from space 1024K, 58% used [0x00000000d5700000,0x00000000d5796fb8,0x00000000d5800000)
  to   space 1024K, 0% used [0x00000000d5800000,0x00000000d5800000,0x00000000d5900000)
 ParOldGen       total 1302528K, used 1302284K [0x0000000080000000, 0x00000000cf800000, 0x00000000d5580000)
  object space 1302528K, 99% used [0x0000000080000000,0x00000000cf7c3158,0x00000000cf800000)
 Metaspace       used 78621K, committed 80384K, reserved 1179648K
  class space    used 7761K, committed 8576K, reserved 1048576K
}
Event: 801.443 GC heap after
{Heap after GC invocations=2386 (full 7):
 PSYoungGen      total 2560K, used 507K [0x00000000d5580000, 0x00000000d5900000, 0x0000000100000000)
  eden space 1536K, 0% used [0x00000000d5580000,0x00000000d5580000,0x00000000d5700000)
  from space 1024K, 49% used [0x00000000d5800000,0x00000000d587efb8,0x00000000d5900000)
  to   space 1024K, 0% used [0x00000000d5700000,0x00000000d5700000,0x00000000d5800000)
 ParOldGen       total 1303040K, used 1302664K [0x0000000080000000, 0x00000000cf880000, 0x00000000d5580000)
  object space 1303040K, 99% used [0x0000000080000000,0x00000000cf822110,0x00000000cf880000)
 Metaspace       used 78621K, committed 80384K, reserved 1179648K
  class space    used 7761K, committed 8576K, reserved 1048576K
}
Event: 801.594 GC heap before
{Heap before GC invocations=2387 (full 7):
 PSYoungGen      total 2560K, used 2043K [0x00000000d5580000, 0x00000000d5900000, 0x0000000100000000)
  eden space 1536K, 100% used [0x00000000d5580000,0x00000000d5700000,0x00000000d5700000)
  from space 1024K, 49% used [0x00000000d5800000,0x00000000d587efb8,0x00000000d5900000)
  to   space 1024K, 0% used [0x00000000d5700000,0x00000000d5700000,0x00000000d5800000)
 ParOldGen       total 1303040K, used 1302664K [0x0000000080000000, 0x00000000cf880000, 0x00000000d5580000)
  object space 1303040K, 99% used [0x0000000080000000,0x00000000cf822110,0x00000000cf880000)
 Metaspace       used 78631K, committed 80384K, reserved 1179648K
  class space    used 7761K, committed 8576K, reserved 1048576K
}
Event: 801.598 GC heap after
{Heap after GC invocations=2387 (full 7):
 PSYoungGen      total 2560K, used 534K [0x00000000d5580000, 0x00000000d5900000, 0x0000000100000000)
  eden space 1536K, 0% used [0x00000000d5580000,0x00000000d5580000,0x00000000d5700000)
  from space 1024K, 52% used [0x00000000d5700000,0x00000000d5785ab8,0x00000000d5800000)
  to   space 1024K, 0% used [0x00000000d5800000,0x00000000d5800000,0x00000000d5900000)
 ParOldGen       total 1303040K, used 1302907K [0x0000000080000000, 0x00000000cf880000, 0x00000000d5580000)
  object space 1303040K, 99% used [0x0000000080000000,0x00000000cf85ee30,0x00000000cf880000)
 Metaspace       used 78631K, committed 80384K, reserved 1179648K
  class space    used 7761K, committed 8576K, reserved 1048576K
}

